nohup: 忽略输入
============================================================
[RGNB] 开始训练
  任务: DKittyMorphology-Exact-v0
  设备: cuda:0
============================================================
[RGNB] 训练 Brownian Bridge...
[Bridge][ROOT][epoch 40/200] loss≈0.3342
[Bridge][ROOT][epoch 80/200] loss≈0.3151
[Bridge][ROOT][epoch 120/200] loss≈0.2657
[Bridge][ROOT][epoch 160/200] loss≈0.1928
[Bridge][ROOT][epoch 200/200] loss≈0.1525
[Sample][ROOT] low candidates: mean=-1.7861, min=-3.1106, max=-1.7023; target_y=0.9342
sampling loop time step:   0%|          | 0/200 [00:00<?, ?it/s]sampling loop time step:  56%|█████▋    | 113/200 [00:00<00:00, 1128.34it/s]sampling loop time step: 100%|██████████| 200/200 [00:00<00:00, 1133.87it/s]
WARNING:root:[-0.  1.] or [0. 0.] is all 0s; this may be normal during initialization.
WARNING:root:[-0.  1.] or [0. 0.] is all 0s; this may be normal during initialization.
WARNING:root:[-0.  1.] or [0. 0.] is all 0s; this may be normal during initialization.
WARNING:root:[-0.  1.] or [0. 0.] is all 0s; this may be normal during initialization.
WARNING:root:[-0.  1.] or [0. 0.] is all 0s; this may be normal during initialization.
WARNING:root:[-0.  1.] or [0. 0.] is all 0s; this may be normal during initialization.
WARNING:root:[-0.  1.] or [0. 0.] is all 0s; this may be normal during initialization.
WARNING:root:[-0.  1.] or [0. 0.] is all 0s; this may be normal during initialization.
WARNING:root:[-0.  1.] or [0. 0.] is all 0s; this may be normal during initialization.
WARNING:root:[-0.  1.] or [0. 0.] is all 0s; this may be normal during initialization.
WARNING:root:[-0.  1.] or [0. 0.] is all 0s; this may be normal during initialization.
WARNING:root:[-0.  1.] or [0. 0.] is all 0s; this may be normal during initialization.
WARNING:root:[-0.  1.] or [0. 0.] is all 0s; this may be normal during initialization.
WARNING:root:[-0.  1.] or [0. 0.] is all 0s; this may be normal during initialization.
WARNING:root:[-0.  1.] or [0. 0.] is all 0s; this may be normal during initialization.
WARNING:root:[-0.  1.] or [0. 0.] is all 0s; this may be normal during initialization.
WARNING:root:[-0.  1.] or [0. 0.] is all 0s; this may be normal during initialization.
WARNING:root:[-0.  1.] or [0. 0.] is all 0s; this may be normal during initialization.
WARNING:root:[-0.  1.] or [0. 0.] is all 0s; this may be normal during initialization.
WARNING:root:[-0.  1.] or [0. 0.] is all 0s; this may be normal during initialization.
WARNING:root:[-0.  1.] or [0. 0.] is all 0s; this may be normal during initialization.
WARNING:root:[-0.  1.] or [0. 0.] is all 0s; this may be normal during initialization.
WARNING:root:[-0.  1.] or [0. 0.] is all 0s; this may be normal during initialization.
WARNING:root:[-0.  1.] or [0. 0.] is all 0s; this may be normal during initialization.
WARNING:root:[-0.  1.] or [0. 0.] is all 0s; this may be normal during initialization.
WARNING:root:[-0.  1.] or [0. 0.] is all 0s; this may be normal during initialization.
WARNING:root:[-0.  1.] or [0. 0.] is all 0s; this may be normal during initialization.
WARNING:root:[-0.  1.] or [0. 0.] is all 0s; this may be normal during initialization.
WARNING:root:[-0.  1.] or [0. 0.] is all 0s; this may be normal during initialization.
WARNING:root:[-0.  1.] or [0. 0.] is all 0s; this may be normal during initialization.
WARNING:root:[-0.  1.] or [0. 0.] is all 0s; this may be normal during initialization.
WARNING:root:[-0.  1.] or [0. 0.] is all 0s; this may be normal during initialization.
WARNING:root:[-0.  1.] or [0. 0.] is all 0s; this may be normal during initialization.
WARNING:root:[-0.  1.] or [0. 0.] is all 0s; this may be normal during initialization.
WARNING:root:[-0.  1.] or [0. 0.] is all 0s; this may be normal during initialization.
WARNING:root:[-0.  1.] or [0. 0.] is all 0s; this may be normal during initialization.
WARNING:root:[-0.  1.] or [0. 0.] is all 0s; this may be normal during initialization.
WARNING:root:[-0.  1.] or [0. 0.] is all 0s; this may be normal during initialization.
WARNING:root:[-0.  1.] or [0. 0.] is all 0s; this may be normal during initialization.
WARNING:root:[-0.  1.] or [0. 0.] is all 0s; this may be normal during initialization.
WARNING:root:[-0.  1.] or [0. 0.] is all 0s; this may be normal during initialization.
WARNING:root:[-0.  1.] or [0. 0.] is all 0s; this may be normal during initialization.
WARNING:root:[-0.  1.] or [0. 0.] is all 0s; this may be normal during initialization.
WARNING:root:[-0.  1.] or [0. 0.] is all 0s; this may be normal during initialization.
WARNING:root:[-0.  1.] or [0. 0.] is all 0s; this may be normal during initialization.
WARNING:root:[-0.  1.] or [0. 0.] is all 0s; this may be normal during initialization.
WARNING:root:[-0.  1.] or [0. 0.] is all 0s; this may be normal during initialization.
WARNING:root:[-0.  1.] or [0. 0.] is all 0s; this may be normal during initialization.
WARNING:root:[-0.  1.] or [0. 0.] is all 0s; this may be normal during initialization.
WARNING:root:[-0.  1.] or [0. 0.] is all 0s; this may be normal during initialization.
WARNING:root:[-0.  1.] or [0. 0.] is all 0s; this may be normal during initialization.
WARNING:root:[-0.  1.] or [0. 0.] is all 0s; this may be normal during initialization.
WARNING:root:[-0.  1.] or [0. 0.] is all 0s; this may be normal during initialization.
WARNING:root:[-0.  1.] or [0. 0.] is all 0s; this may be normal during initialization.
WARNING:root:[-0.  1.] or [0. 0.] is all 0s; this may be normal during initialization.
WARNING:root:[-0.  1.] or [0. 0.] is all 0s; this may be normal during initialization.
WARNING:root:[-0.  1.] or [0. 0.] is all 0s; this may be normal during initialization.
WARNING:root:[-0.  1.] or [0. 0.] is all 0s; this may be normal during initialization.
WARNING:root:[-0.  1.] or [0. 0.] is all 0s; this may be normal during initialization.
WARNING:root:[-0.  1.] or [0. 0.] is all 0s; this may be normal during initialization.
WARNING:root:[-0.  1.] or [0. 0.] is all 0s; this may be normal during initialization.
WARNING:root:[-0.  1.] or [0. 0.] is all 0s; this may be normal during initialization.
WARNING:root:[-0.  1.] or [0. 0.] is all 0s; this may be normal during initialization.
WARNING:root:[-0.  1.] or [0. 0.] is all 0s; this may be normal during initialization.
WARNING:root:[-0.  1.] or [0. 0.] is all 0s; this may be normal during initialization.
WARNING:root:[-0.  1.] or [0. 0.] is all 0s; this may be normal during initialization.
WARNING:root:[-0.  1.] or [0. 0.] is all 0s; this may be normal during initialization.
WARNING:root:[-0.  1.] or [0. 0.] is all 0s; this may be normal during initialization.
WARNING:root:[-0.  1.] or [0. 0.] is all 0s; this may be normal during initialization.
WARNING:root:[-0.  1.] or [0. 0.] is all 0s; this may be normal during initialization.
WARNING:root:[-0.  1.] or [0. 0.] is all 0s; this may be normal during initialization.
WARNING:root:[-0.  1.] or [0. 0.] is all 0s; this may be normal during initialization.
WARNING:root:[-0.  1.] or [0. 0.] is all 0s; this may be normal during initialization.
WARNING:root:[-0.  1.] or [0. 0.] is all 0s; this may be normal during initialization.
WARNING:root:[-0.  1.] or [0. 0.] is all 0s; this may be normal during initialization.
WARNING:root:[-0.  1.] or [0. 0.] is all 0s; this may be normal during initialization.
WARNING:root:[-0.  1.] or [0. 0.] is all 0s; this may be normal during initialization.
WARNING:root:[-0.  1.] or [0. 0.] is all 0s; this may be normal during initialization.
WARNING:root:[-0.  1.] or [0. 0.] is all 0s; this may be normal during initialization.
WARNING:root:[-0.  1.] or [0. 0.] is all 0s; this may be normal during initialization.
WARNING:root:[-0.  1.] or [0. 0.] is all 0s; this may be normal during initialization.
WARNING:root:[-0.  1.] or [0. 0.] is all 0s; this may be normal during initialization.
WARNING:root:[-0.  1.] or [0. 0.] is all 0s; this may be normal during initialization.
WARNING:root:[-0.  1.] or [0. 0.] is all 0s; this may be normal during initialization.
WARNING:root:[-0.  1.] or [0. 0.] is all 0s; this may be normal during initialization.
WARNING:root:[-0.  1.] or [0. 0.] is all 0s; this may be normal during initialization.
WARNING:root:[-0.  1.] or [0. 0.] is all 0s; this may be normal during initialization.
WARNING:root:[-0.  1.] or [0. 0.] is all 0s; this may be normal during initialization.
WARNING:root:[-0.  1.] or [0. 0.] is all 0s; this may be normal during initialization.
WARNING:root:[-0.  1.] or [0. 0.] is all 0s; this may be normal during initialization.
WARNING:root:[-0.  1.] or [0. 0.] is all 0s; this may be normal during initialization.
WARNING:root:[-0.  1.] or [0. 0.] is all 0s; this may be normal during initialization.
WARNING:root:[-0.  1.] or [0. 0.] is all 0s; this may be normal during initialization.
WARNING:root:[-0.  1.] or [0. 0.] is all 0s; this may be normal during initialization.
WARNING:root:[-0.  1.] or [0. 0.] is all 0s; this may be normal during initialization.
WARNING:root:[-0.  1.] or [0. 0.] is all 0s; this may be normal during initialization.
WARNING:root:[-0.  1.] or [0. 0.] is all 0s; this may be normal during initialization.
WARNING:root:[-0.  1.] or [0. 0.] is all 0s; this may be normal during initialization.
WARNING:root:[-0.  1.] or [0. 0.] is all 0s; this may be normal during initialization.
WARNING:root:[-0.  1.] or [0. 0.] is all 0s; this may be normal during initialization.
WARNING:root:[-0.  1.] or [0. 0.] is all 0s; this may be normal during initialization.
WARNING:root:[-0.  1.] or [0. 0.] is all 0s; this may be normal during initialization.
WARNING:root:[-0.  1.] or [0. 0.] is all 0s; this may be normal during initialization.
WARNING:root:[-0.  1.] or [0. 0.] is all 0s; this may be normal during initialization.
WARNING:root:[-0.  1.] or [0. 0.] is all 0s; this may be normal during initialization.
WARNING:root:[-0.  1.] or [0. 0.] is all 0s; this may be normal during initialization.
WARNING:root:[-0.  1.] or [0. 0.] is all 0s; this may be normal during initialization.
WARNING:root:[-0.  1.] or [0. 0.] is all 0s; this may be normal during initialization.
WARNING:root:[-0.  1.] or [0. 0.] is all 0s; this may be normal during initialization.
WARNING:root:[-0.  1.] or [0. 0.] is all 0s; this may be normal during initialization.
WARNING:root:[-0.  1.] or [0. 0.] is all 0s; this may be normal during initialization.
WARNING:root:[-0.  1.] or [0. 0.] is all 0s; this may be normal during initialization.
WARNING:root:[-0.  1.] or [0. 0.] is all 0s; this may be normal during initialization.
WARNING:root:[-0.  1.] or [0. 0.] is all 0s; this may be normal during initialization.
WARNING:root:[-0.  1.] or [0. 0.] is all 0s; this may be normal during initialization.
WARNING:root:[-0.  1.] or [0. 0.] is all 0s; this may be normal during initialization.
WARNING:root:[-0.  1.] or [0. 0.] is all 0s; this may be normal during initialization.
WARNING:root:[-0.  1.] or [0. 0.] is all 0s; this may be normal during initialization.
WARNING:root:[-0.  1.] or [0. 0.] is all 0s; this may be normal during initialization.
WARNING:root:[-0.  1.] or [0. 0.] is all 0s; this may be normal during initialization.
WARNING:root:[-0.  1.] or [0. 0.] is all 0s; this may be normal during initialization.
WARNING:root:[-0.  1.] or [0. 0.] is all 0s; this may be normal during initialization.
WARNING:root:[-0.  1.] or [0. 0.] is all 0s; this may be normal during initialization.
WARNING:root:[-0.  1.] or [0. 0.] is all 0s; this may be normal during initialization.
WARNING:root:[-0.  1.] or [0. 0.] is all 0s; this may be normal during initialization.
WARNING:root:[-0.  1.] or [0. 0.] is all 0s; this may be normal during initialization.
WARNING:root:[-0.  1.] or [0. 0.] is all 0s; this may be normal during initialization.
WARNING:root:[-0.  1.] or [0. 0.] is all 0s; this may be normal during initialization.
Seed 0 结果: 100th=0.8457, 80th=0.6213, 50th=0.3098

============================================================
RGNB 评测汇总
============================================================
Normalized 100th percentile score:
  Mean: 0.8457, Std: 0.0000
Normalized 80th percentile score:
  Mean: 0.6213, Std: 0.0000
Normalized 50th percentile score:
  Mean: 0.3098, Std: 0.0000
============================================================
